mars - INFO   - 20160209.050607 - Server task is 720 [marser]
mars - INFO   - 20160209.050608 - Transfering 128373120 bytes
mars - INFO   - 20160209.050908 - 720 fields retrieved from 'marser'
mars - INFO   - 20160209.050908 - 720 fields have been interpolated
mars - INFO   - 20160209.050908 - Request time:  wall: 3 min 1 sec  cpu: 3 min
mars - INFO   - 20160209.050908 -   Read from network: 122.43 Mbyte(s) in < 1 sec [465.08 Mbyte/sec]
mars - INFO   - 20160209.050908 -   Visiting marser: wall: 3 min 1 sec cpu: 3 min

mars - INFO   - 20160209.050908 - Processing request 13

mars - INFO   - 20160209.050908 -   Post-processing: wall: 2 min 57 sec cpu: 2 min 57 sec
RETRIEVE,
mars - INFO   - 20160209.050908 -   Writing to target file: 1.39 Gbyte(s) in 2 sec  [787.62 Mbyte/sec] cpu: 2 sec
    CLASS      = EI,
    TYPE       = FC,
    EXPVER     = 0001,
    PARAM      = 201.128/202.128/228.128,
    REPRES     = SH,
    TIME       = 0000/1200,
    GRID       = 0.25/0.25,
    STEP       = 03/06/09/12,
    RESOL      = AUTO,
    DOMAIN     = G,
    DATE       = 20131201/20131202/20131203/20131204/20131205/20131206/20131207/20131208/20131209/20131210/20131211/2
0131212/20131213/20131214/20131215/20131216/20131217/20131218/20131219/20131220/20131221/20131222/20131223/20131224/2
0131225/20131226/20131227/20131228/20131229/20131230/20131231
    EXPECT     = ANY,
mars - INFO   - 20160209.050908 - Requesting any number of fields (request describes 744)
mars - INFO   - 20160209.050908 - Calling mars on 'marser', callback on 42470
mars - INFO   - 20160209.050908 - Server task is 574 [marser]
mars - INFO   - 20160209.050909 - Transfering 132652224 bytes
mars - INFO   - 20160209.050908 - Request cost: 744 fields, 126.507 Mbytes online, nodes: mvr02 [marser]
    PADDING    = 0,
    LEVTYPE    = SFC,
    STREAM     = OPER,

mars - INFO   - 20160209.051216 - 744 fields retrieved from 'marser'
mars - INFO   - 20160209.051216 - 744 fields have been interpolated
mars - INFO   - 20160209.051216 -   Post-processing: wall: 3 min 3 sec cpu: 3 min 3 sec
mars - INFO   - 20160209.051216 -   Visiting marser: wall: 3 min 8 sec cpu: 3 min 7 sec
End of nice mars /tmp/tmp-_mars7bBg8W.req
mars - INFO   - 20160209.051216 - No errors reported
mars - INFO   - 20160209.051216 -   Writing to target file: 1.44 Gbyte(s) in 2 sec  [722.12 Mbyte/sec] cpu: 2 sec
mars - INFO   - 20160209.051216 - Request time:  wall: 3 min 8 sec  cpu: 3 min 6 sec
mars - INFO   - 20160209.051216 -   Read from network: 126.51 Mbyte(s) in < 1 sec [472.55 Mbyte/sec]
Calling nice grib_to_netcdf /data/data01/scratch/_mars-atls19-95e2cf679cd58ee9b4db4dd119a05a8d-hta1fB.grib -o /data/d
ata01/scratch/_grib2netcdf-atls00-95e2cf679cd58ee9b4db4dd119a05a8d-edKMiX.nc -utime
grib_to_netcdf: Ignoring key(s): method, type, stream, refdate, hdate
grib_to_netcdf: Processing input file '/data/data01/scratch/_mars-atls19-95e2cf679cd58ee9b4db4dd119a05a8d-hta1fB.grib
'.
grib_to_netcdf: Found 8784 GRIB fields in 1 file.
grib_to_netcdf: Version 1.14.3
grib_to_netcdf: Creating netcdf file '/data/data01/scratch/_grib2netcdf-atls00-95e2cf679cd58ee9b4db4dd119a05a8d-edKMi
X.nc'
grib_to_netcdf: Creating large (64 bit) file format.
grib_to_netcdf: Defining variable 'mx2t'.
grib_to_netcdf: Done.
grib_to_netcdf: NetCDF library version: 4.3.0 of Sep 10 2014 17:37:08 $
grib_to_netcdf: Defining variable 'mn2t'.
grib_to_netcdf: Defining variable 'tp'.
End of nice grib_to_netcdf /data/data01/scratch/_mars-atls19-95e2cf679cd58ee9b4db4dd119a05a8d-hta1fB.grib -o /data/da
ta01/scratch/_grib2netcdf-atls00-95e2cf679cd58ee9b4db4dd119a05a8d-edKMiX.nc -utime
2016-02-08 21:22:21 Request is complete
2016-02-08 21:22:21 Transfering 16.9872 Gbytes into /mnt/norgay/Datasets/Climate/ERA_Interim/Raw_NetCDF_.25deg_x_.25d
eg/mx2t_mn2t_tp_3hour_2012-12-31to2013-12-31.nc
2016-02-08 21:22:21 From http://stream.ecmwf.int/data/atls00/data/data01/scratch/_grib2netcdf-atls00-95e2cf679cd58ee9
b4db4dd119a05a8d-edKMiX.nc
2016-02-08 23:26:41 Transfer rate 2.33151 Mbytes/s
2016-02-08 23:26:42 ECMWF API python library 1.3
2016-02-08 23:26:42 ECMWF API at https://api.ecmwf.int/v1
2016-02-08 23:26:43 Welcome Theodor Kulczycki
2016-02-08 23:26:44 In case of problems, please check https://software.ecmwf.int/wiki/display/WEBAPI/Troubleshooting
or contact calldesk@ecmwf.int
2016-02-08 23:26:44 Request is queued
Calling nice mars /tmp/tmp-_marsXRSYSl.req
PPDIR is /var/tmp/ppdir/x86_64
mars - INFO   - 20160209.072636 - MARS Client build stamp: 20160115142930
mars - INFO   - 20160209.072636 - Welcome to MARS with grib_api and ODB
mars - INFO   - 20160209.072636 - MARS Client version: 6.13.0
mars - INFO   - 20160209.072636 - EMOSLIB version: 422
mars - INFO   - 20160209.072636 - Using grib_api version 1.14.5
mars - INFO   - 20160209.072636 - Using odb_api version: 0.10.2 (file format version: 0.5)
mars - INFO   - 20160209.072636 - Maximum retrieval size is 20.00 G
retrieve,class=ei,date=2013-12-31/to/2014-12-31,expect=any,expver=0001,grid=0.25/0.25,levtype=sfc,padding=0,param=201
.128/202.128/228.128,step=03/06/09/12,stream=oper,time=00/12,type=fcmars - WARN   - 20160209.072636 - For full resolu
tion grid, it is recommended to use RESOL=AV to prevent any truncation before transformation
mars - INFO   - 20160209.072636 - Automatic split by date is on
RETRIEVE,
    STREAM     = OPER,
    CLASS      = EI,

    STEP       = 03/06/09/12,
    RESOL      = AUTO,
    PADDING    = 0,
    DOMAIN     = G,
    DATE       = 20131231
    TIME       = 0000/1200,
    PARAM      = 201.128/202.128/228.128,
mars - INFO   - 20160209.072636 - Calling mars on 'marser', callback on 51001
mars - INFO   - 20160209.072636 - Transfering 4279104 bytes
mars - INFO   - 20160209.072636 - Request cost: 24 fields, 4.08087 Mbytes online, nodes: mvr02 [marser]
    REPRES     = SH,
mars - INFO   - 20160209.072636 - Requesting any number of fields (request describes 24)
mars - INFO   - 20160209.072636 - Server task is 765 [marser]
    TYPE       = FC,
mars - INFO   - 20160209.072636 - Web API request id: 56b994abd64e60c73820670c
    GRID       = 0.25/0.25,
mars - INFO   - 20160209.072636 - Request has been split into 13 monthly retrievals
    LEVTYPE    = SFC,
mars - INFO   - 20160209.072636 - Processing request 1

    EXPVER     = 0001,
    EXPECT     = ANY,

2016-02-08 23:26:46 Request is active
mars - INFO   - 20160209.072642 - 24 fields retrieved from 'marser'
mars - INFO   - 20160209.072642 - 24 fields have been interpolated
mars - INFO   - 20160209.072642 - Request time:  wall: 6 sec  cpu: 6 sec
mars - INFO   - 20160209.072642 -   Read from network: 4.08 Mbyte(s) in < 1 sec [35.24 Mbyte/sec]
mars - INFO   - 20160209.072642 -   Visiting marser: wall: 6 sec
mars - INFO   - 20160209.072642 -   Post-processing: wall: 6 sec cpu: 6 sec
mars - INFO   - 20160209.072642 -   Writing to target file: 47.53 Mbyte(s) in < 1 sec [885.02 Mbyte/sec]
mars - INFO   - 20160209.072642 - Processing request 2
    CLASS      = EI,
    TYPE       = FC,
RETRIEVE,

    STREAM     = OPER,
    REPRES     = SH,
    EXPVER     = 0001,

    LEVTYPE    = SFC,
    DOMAIN     = G,
    EXPECT     = ANY,
    STEP       = 03/06/09/12,
    PARAM      = 201.128/202.128/228.128,
    PADDING    = 0,
    RESOL      = AUTO,
    TIME       = 0000/1200,
    DATE       = 20140101/20140102/20140103/20140104/20140105/20140106/20140107/20140108/20140109/20140110/20140111/2
0140112/20140113/20140114/20140115/20140116/20140117/20140118/20140119/20140120/20140121/20140122/20140123/20140124/2
0140125/20140126/20140127/20140128/20140129/20140130/20140131

mars - INFO   - 20160209.072642 - Server task is 758 [marser]
mars - INFO   - 20160209.072642 - Requesting any number of fields (request describes 744)
mars - INFO   - 20160209.072642 - Request cost: 744 fields, 126.507 Mbytes online, nodes: mvr02 [marser]
mars - INFO   - 20160209.072642 - Transfering 132652224 bytes
    GRID       = 0.25/0.25,
mars - INFO   - 20160209.072642 - Calling mars on 'marser', callback on 59293
mars - INFO   - 20160209.072946 - 744 fields retrieved from 'marser'
mars - INFO   - 20160209.072946 - Request time:  wall: 3 min 5 sec  cpu: 3 min 2 sec
mars - INFO   - 20160209.072946 - 744 fields have been interpolated
mars - INFO   - 20160209.072946 -   Visiting marser: wall: 3 min 5 sec cpu: 3 min 2 sec
mars - INFO   - 20160209.072946 -   Writing to target file: 1.44 Gbyte(s) in 2 sec  [895.05 Mbyte/sec] cpu: 2 sec
mars - INFO   - 20160209.072946 -   Read from network: 126.51 Mbyte(s) in 2 sec  [60.79 Mbyte/sec]

RETRIEVE,
mars - INFO   - 20160209.072946 -   Post-processing: wall: 2 min 59 sec cpu: 2 min 59 sec

mars - INFO   - 20160209.072946 - Processing request 3
    CLASS      = EI,
    TYPE       = FC,
    LEVTYPE    = SFC,
    PARAM      = 201.128/202.128/228.128,
    DOMAIN     = G,
    REPRES     = SH,
    STREAM     = OPER,
    STEP       = 03/06/09/12,
    GRID       = 0.25/0.25,
    DATE       = 20140201/20140202/20140203/20140204/20140205/20140206/20140207/20140208/20140209/20140210/20140211/2
0140212/20140213/20140214/20140215/20140216/20140217/20140218/20140219/20140220/20140221/20140222/20140223/20140224/2
0140225/20140226/20140227/20140228

    EXPECT     = ANY,
    EXPVER     = 0001,
    TIME       = 0000/1200,
    RESOL      = AUTO,
    PADDING    = 0,
mars - INFO   - 20160209.072947 - Server task is 758 [marser]
mars - INFO   - 20160209.072947 - Request cost: 672 fields, 114.264 Mbytes online, nodes: mvr02 [marser]
mars - INFO   - 20160209.072947 - Calling mars on 'marser', callback on 42019
mars - INFO   - 20160209.072947 - Requesting any number of fields (request describes 672)
mars - INFO   - 20160209.072947 - Transfering 119814912 bytes
mars - INFO   - 20160209.073237 - Request time:  wall: 2 min 50 sec  cpu: 2 min 46 sec
mars - INFO   - 20160209.073237 - 672 fields have been interpolated
mars - INFO   - 20160209.073237 - 672 fields retrieved from 'marser'
mars - INFO   - 20160209.073237 -   Writing to target file: 1.30 Gbyte(s) in 1 sec  [893.04 Mbyte/sec] cpu: 1 sec
mars - INFO   - 20160209.073237 -   Read from network: 114.26 Mbyte(s) in 4 sec  [30.43 Mbyte/sec]
    CLASS      = EI,

mars - INFO   - 20160209.073237 -   Visiting marser: wall: 2 min 50 sec cpu: 2 min 46 sec

mars - INFO   - 20160209.073237 -   Post-processing: wall: 2 min 43 sec cpu: 2 min 43 sec
    TYPE       = FC,
RETRIEVE,
mars - INFO   - 20160209.073237 - Processing request 4
    STREAM     = OPER,
    REPRES     = SH,
    LEVTYPE    = SFC,
    PARAM      = 201.128/202.128/228.128,
    TIME       = 0000/1200,
    RESOL      = AUTO,
    DOMAIN     = G,
    EXPVER     = 0001,
    STEP       = 03/06/09/12,
    GRID       = 0.25/0.25,
    EXPECT     = ANY,
    DATE       = 20140301/20140302/20140303/20140304/20140305/20140306/20140307/20140308/20140309/20140310/20140311/2
0140312/20140313/20140314/20140315/20140316/20140317/20140318/20140319/20140320/20140321/20140322/20140323/20140324/2
0140325/20140326/20140327/20140328/20140329/20140330/20140331
mars - INFO   - 20160209.073237 - Server task is 500 [marser]
mars - INFO   - 20160209.073237 - Request cost: 744 fields, 126.507 Mbytes online, nodes: mvr02 [marser]

    PADDING    = 0,
mars - INFO   - 20160209.073237 - Requesting any number of fields (request describes 744)
mars - INFO   - 20160209.073237 - Transfering 132652224 bytes
mars - INFO   - 20160209.073237 - Calling mars on 'marser', callback on 56833
mars - INFO   - 20160209.073540 - 744 fields retrieved from 'marser'
mars - INFO   - 20160209.073540 - Request time:  wall: 3 min 4 sec  cpu: 3 min 2 sec
mars - INFO   - 20160209.073540 -   Post-processing: wall: 3 min cpu: 2 min 59 sec
mars - INFO   - 20160209.073540 -   Visiting marser: wall: 3 min 4 sec cpu: 3 min 3 sec
mars - INFO   - 20160209.073540 - Processing request 5
mars - INFO   - 20160209.073540 -   Read from network: 126.51 Mbyte(s) in < 1 sec [274.89 Mbyte/sec]
mars - INFO   - 20160209.073540 - 744 fields have been interpolated

    TYPE       = FC,
RETRIEVE,
    EXPVER     = 0001,
    CLASS      = EI,
    STREAM     = OPER,
    REPRES     = SH,
mars - INFO   - 20160209.073540 -   Writing to target file: 1.44 Gbyte(s) in 2 sec  [895.11 Mbyte/sec] cpu: 2 sec
    LEVTYPE    = SFC,

    PARAM      = 201.128/202.128/228.128,
    TIME       = 0000/1200,
    STEP       = 03/06/09/12,
    DOMAIN     = G,
    EXPECT     = ANY,
    RESOL      = AUTO,
    GRID       = 0.25/0.25,
    DATE       = 20140401/20140402/20140403/20140404/20140405/20140406/20140407/20140408/20140409/20140410/20140411/2
0140412/20140413/20140414/20140415/20140416/20140417/20140418/20140419/20140420/20140421/20140422/20140423/20140424/2
0140425/20140426/20140427/20140428/20140429/20140430

mars - INFO   - 20160209.073540 - Calling mars on 'marser', callback on 41357
mars - INFO   - 20160209.073540 - Requesting any number of fields (request describes 720)
    PADDING    = 0,
mars - INFO   - 20160209.073540 - Request cost: 720 fields, 122.426 Mbytes online, nodes: mvr02 [marser]
mars - INFO   - 20160209.073540 - Server task is 500 [marser]
mars - INFO   - 20160209.073541 - Transfering 128373120 bytes
mars - INFO   - 20160209.073834 - Request time:  wall: 2 min 54 sec  cpu: 2 min 53 sec
mars - INFO   - 20160209.073834 - 720 fields have been interpolated
mars - INFO   - 20160209.073834 - 720 fields retrieved from 'marser'
mars - INFO   - 20160209.073834 -   Writing to target file: 1.39 Gbyte(s) in 2 sec  [890.62 Mbyte/sec] cpu: 2 sec

mars - INFO   - 20160209.073834 -   Visiting marser: wall: 2 min 54 sec cpu: 2 min 53 sec
mars - INFO   - 20160209.073834 -   Read from network: 122.43 Mbyte(s) in < 1 sec [534.37 Mbyte/sec]
    TYPE       = FC,
    REPRES     = SH,
mars - INFO   - 20160209.073834 -   Post-processing: wall: 2 min 50 sec cpu: 2 min 50 sec
mars - INFO   - 20160209.073834 - Processing request 6
    EXPVER     = 0001,

    STREAM     = OPER,
RETRIEVE,
    CLASS      = EI,
    LEVTYPE    = SFC,
    PARAM      = 201.128/202.128/228.128,
    STEP       = 03/06/09/12,
    PADDING    = 0,
    GRID       = 0.25/0.25,

    EXPECT     = ANY,
    DOMAIN     = G,
    RESOL      = AUTO,
    DATE       = 20140501/20140502/20140503/20140504/20140505/20140506/20140507/20140508/20140509/20140510/20140511/2
0140512/20140513/20140514/20140515/20140516/20140517/20140518/20140519/20140520/20140521/20140522/20140523/20140524/2
0140525/20140526/20140527/20140528/20140529/20140530/20140531
mars - INFO   - 20160209.073834 - Requesting any number of fields (request describes 744)
    TIME       = 0000/1200,
mars - INFO   - 20160209.073834 - Calling mars on 'marser', callback on 54815
mars - INFO   - 20160209.073835 - Server task is 4 [marser]
mars - INFO   - 20160209.073835 - Request cost: 744 fields, 126.507 Mbytes online, nodes: mvr02 [marser]
mars - INFO   - 20160209.073835 - Transfering 132652224 bytes
mars - INFO   - 20160209.074140 - 744 fields have been interpolated
mars - INFO   - 20160209.074140 - 744 fields retrieved from 'marser'
mars - INFO   - 20160209.074140 -   Visiting marser: wall: 3 min 6 sec cpu: 3 min 4 sec
mars - INFO   - 20160209.074140 -   Read from network: 126.51 Mbyte(s) in < 1 sec [433.32 Mbyte/sec]
mars - INFO   - 20160209.074140 -   Post-processing: wall: 3 min 1 sec cpu: 3 min 1 sec

mars - INFO   - 20160209.074140 - Request time:  wall: 3 min 6 sec  cpu: 3 min 4 sec
mars - INFO   - 20160209.074140 - Processing request 7

mars - INFO   - 20160209.074140 -   Writing to target file: 1.44 Gbyte(s) in 2 sec  [860.13 Mbyte/sec] cpu: 2 sec
RETRIEVE,
    CLASS      = EI,
    STREAM     = OPER,
    EXPVER     = 0001,
    TYPE       = FC,
    PARAM      = 201.128/202.128/228.128,
    REPRES     = SH,
    STEP       = 03/06/09/12,
    RESOL      = AUTO,
    TIME       = 0000/1200,
    LEVTYPE    = SFC,
    DOMAIN     = G,
    PADDING    = 0,
    EXPECT     = ANY,
mars - INFO   - 20160209.074140 - Requesting any number of fields (request describes 720)
    DATE       = 20140601/20140602/20140603/20140604/20140605/20140606/20140607/20140608/20140609/20140610/20140611/2
0140612/20140613/20140614/20140615/20140616/20140617/20140618/20140619/20140620/20140621/20140622/20140623/20140624/2
0140625/20140626/20140627/20140628/20140629/20140630
mars - INFO   - 20160209.074140 - Calling mars on 'marser', callback on 52011
    GRID       = 0.25/0.25,

mars - INFO   - 20160209.074140 - Server task is 459 [marser]
mars - INFO   - 20160209.074140 - Request cost: 720 fields, 122.426 Mbytes online, nodes: mvr02 [marser]
mars - INFO   - 20160209.074141 - Transfering 128373120 bytes
mars - INFO   - 20160209.074436 - 720 fields retrieved from 'marser'
mars - INFO   - 20160209.074436 - Request time:  wall: 2 min 56 sec  cpu: 2 min 49 sec
mars - INFO   - 20160209.074436 -   Processing in marser: wall: 1 sec
mars - INFO   - 20160209.074436 - 720 fields have been interpolated
mars - INFO   - 20160209.074436 -   Read from network: 122.43 Mbyte(s) in 6 sec  [21.10 Mbyte/sec]
mars - INFO   - 20160209.074436 -   Visiting marser: wall: 2 min 56 sec cpu: 2 min 49 sec
mars - INFO   - 20160209.074436 -   Post-processing: wall: 2 min 46 sec cpu: 2 min 46 sec
mars - INFO   - 20160209.074436 -   Writing to target file: 1.39 Gbyte(s) in 2 sec  [944.27 Mbyte/sec] cpu: 1 sec

mars - INFO   - 20160209.074436 - Processing request 8

RETRIEVE,
    CLASS      = EI,
    TYPE       = FC,
    STREAM     = OPER,
    EXPVER     = 0001,
    REPRES     = SH,
    LEVTYPE    = SFC,
    TIME       = 0000/1200,
    PARAM      = 201.128/202.128/228.128,
    STEP       = 03/06/09/12,
    DOMAIN     = G,
    RESOL      = AUTO,
    PADDING    = 0,
    GRID       = 0.25/0.25,
    EXPECT     = ANY,
    DATE       = 20140701/20140702/20140703/20140704/20140705/20140706/20140707/20140708/20140709/20140710/20140711/2
0140712/20140713/20140714/20140715/20140716/20140717/20140718/20140719/20140720/20140721/20140722/20140723/20140724/2
0140725/20140726/20140727/20140728/20140729/20140730/20140731

mars - INFO   - 20160209.074436 - Calling mars on 'marser', callback on 48624
mars - INFO   - 20160209.074436 - Server task is 459 [marser]
mars - INFO   - 20160209.074436 - Requesting any number of fields (request describes 744)
mars - INFO   - 20160209.074436 - Request cost: 744 fields, 126.507 Mbytes online, nodes: mvr02 [marser]
mars - INFO   - 20160209.074437 - Transfering 132652224 bytes
mars - INFO   - 20160209.074729 - 744 fields retrieved from 'marser'
mars - INFO   - 20160209.074729 - 744 fields have been interpolated
mars - INFO   - 20160209.074729 -   Post-processing: wall: 2 min 47 sec cpu: 2 min 47 sec
mars - INFO   - 20160209.074729 -   Visiting marser: wall: 2 min 53 sec cpu: 2 min 50 sec

mars - INFO   - 20160209.074729 - Request time:  wall: 2 min 53 sec  cpu: 2 min 49 sec
mars - INFO   - 20160209.074729 -   Read from network: 126.51 Mbyte(s) in 2 sec  [57.19 Mbyte/sec]
mars - INFO   - 20160209.074729 -   Writing to target file: 1.44 Gbyte(s) in 2 sec  [939.45 Mbyte/sec] cpu: 2 sec
mars - INFO   - 20160209.074729 - Processing request 9
RETRIEVE,
    CLASS      = EI,

    EXPVER     = 0001,
    REPRES     = SH,
    LEVTYPE    = SFC,
    STREAM     = OPER,
    TYPE       = FC,
    PARAM      = 201.128/202.128/228.128,
    DOMAIN     = G,
    RESOL      = AUTO,
    TIME       = 0000/1200,
    STEP       = 03/06/09/12,
    PADDING    = 0,
    DATE       = 20140801/20140802/20140803/20140804/20140805/20140806/20140807/20140808/20140809/20140810/20140811/2
0140812/20140813/20140814/20140815/20140816/20140817/20140818/20140819/20140820/20140821/20140822/20140823/20140824/2
0140825/20140826/20140827/20140828/20140829/20140830/20140831
    GRID       = 0.25/0.25,
    EXPECT     = ANY,
mars - INFO   - 20160209.074729 - Requesting any number of fields (request describes 744)

mars - INFO   - 20160209.074729 - Request cost: 744 fields, 126.507 Mbytes online, nodes: mvr02 [marser]
mars - INFO   - 20160209.074729 - Calling mars on 'marser', callback on 34727
mars - INFO   - 20160209.074729 - Server task is 698 [marser]
mars - INFO   - 20160209.074730 - Transfering 132652224 bytes
mars - INFO   - 20160209.075038 - 744 fields retrieved from 'marser'
mars - INFO   - 20160209.075038 - 744 fields have been interpolated
mars - INFO   - 20160209.075038 -   Read from network: 126.51 Mbyte(s) in 5 sec  [24.25 Mbyte/sec]
mars - INFO   - 20160209.075038 - Request time:  wall: 3 min 9 sec  cpu: 3 min 3 sec
mars - INFO   - 20160209.075038 -   Post-processing: wall: 3 min cpu: 3 min
mars - INFO   - 20160209.075038 -   Visiting marser: wall: 3 min 9 sec cpu: 3 min 3 sec

mars - INFO   - 20160209.075038 -   Writing to target file: 1.44 Gbyte(s) in 2 sec  [871.12 Mbyte/sec] cpu: 2 sec
mars - INFO   - 20160209.075038 - Processing request 10
RETRIEVE,
    CLASS      = EI,
    STREAM     = OPER,
    LEVTYPE    = SFC,

    TIME       = 0000/1200,
    EXPVER     = 0001,
    REPRES     = SH,
    RESOL      = AUTO,
    TYPE       = FC,
    DOMAIN     = G,
    PARAM      = 201.128/202.128/228.128,
    DATE       = 20140901/20140902/20140903/20140904/20140905/20140906/20140907/20140908/20140909/20140910/20140911/2
0140912/20140913/20140914/20140915/20140916/20140917/20140918/20140919/20140920/20140921/20140922/20140923/20140924/2
0140925/20140926/20140927/20140928/20140929/20140930
    PADDING    = 0,
mars - INFO   - 20160209.075038 - Calling mars on 'marser', callback on 44688
mars - INFO   - 20160209.075038 - Requesting any number of fields (request describes 720)
    STEP       = 03/06/09/12,
    GRID       = 0.25/0.25,
    EXPECT     = ANY,

mars - INFO   - 20160209.075039 - Server task is 414 [marser]
mars - INFO   - 20160209.075039 - Request cost: 720 fields, 122.426 Mbytes online, nodes: mvr02 [marser]
mars - INFO   - 20160209.075039 - Transfering 128373120 bytes
mars - INFO   - 20160209.075336 - Request time:  wall: 2 min 58 sec  cpu: 2 min 54 sec
mars - INFO   - 20160209.075336 - 720 fields retrieved from 'marser'
mars - INFO   - 20160209.075336 -   Writing to target file: 1.39 Gbyte(s) in 2 sec  [851.67 Mbyte/sec] cpu: 2 sec
mars - INFO   - 20160209.075336 -   Read from network: 122.43 Mbyte(s) in 2 sec  [75.28 Mbyte/sec]
mars - INFO   - 20160209.075336 -   Visiting marser: wall: 2 min 58 sec cpu: 2 min 55 sec
mars - INFO   - 20160209.075336 - Processing request 11
mars - INFO   - 20160209.075336 - 720 fields have been interpolated
mars - INFO   - 20160209.075336 -   Post-processing: wall: 2 min 52 sec cpu: 2 min 52 sec

RETRIEVE,
    CLASS      = EI,

    TYPE       = FC,
    STREAM     = OPER,
    RESOL      = AUTO,
    DOMAIN     = G,
    TIME       = 0000/1200,
    DATE       = 20141001/20141002/20141003/20141004/20141005/20141006/20141007/20141008/20141009/20141010/20141011/2
0141012/20141013/20141014/20141015/20141016/20141017/20141018/20141019/20141020/20141021/20141022/20141023/20141024/2
0141025/20141026/20141027/20141028/20141029/20141030/20141031
    LEVTYPE    = SFC,
    GRID       = 0.25/0.25,
    PADDING    = 0,
    EXPECT     = ANY,
    REPRES     = SH,
    EXPVER     = 0001,

mars - INFO   - 20160209.075336 - Requesting any number of fields (request describes 744)
mars - INFO   - 20160209.075336 - Calling mars on 'marser', callback on 44312
    PARAM      = 201.128/202.128/228.128,
    STEP       = 03/06/09/12,
mars - INFO   - 20160209.075336 - Server task is 721 [marser]
mars - INFO   - 20160209.075336 - Request cost: 744 fields, 126.507 Mbytes online, nodes: mvr02 [marser]
mars - INFO   - 20160209.075337 - Transfering 132652224 bytes
mars - INFO   - 20160209.075628 -   Processing in marser: wall: 1 sec
mars - INFO   - 20160209.075628 -   Read from network: 126.51 Mbyte(s) in < 1 sec [134.96 Mbyte/sec]
mars - INFO   - 20160209.075628 - 744 fields retrieved from 'marser'
mars - INFO   - 20160209.075628 -   Post-processing: wall: 2 min 47 sec cpu: 2 min 47 sec
mars - INFO   - 20160209.075628 -   Visiting marser: wall: 2 min 52 sec cpu: 2 min 50 sec

mars - INFO   - 20160209.075628 -   Writing to target file: 1.44 Gbyte(s) in 2 sec  [897.95 Mbyte/sec] cpu: 2 sec
mars - INFO   - 20160209.075628 - 744 fields have been interpolated

    CLASS      = EI,
    TYPE       = FC,
mars - INFO   - 20160209.075628 - Request time:  wall: 2 min 52 sec  cpu: 2 min 49 sec
    REPRES     = SH,
    EXPVER     = 0001,
    STREAM     = OPER,
RETRIEVE,
mars - INFO   - 20160209.075628 - Processing request 12
    STEP       = 03/06/09/12,
    LEVTYPE    = SFC,
    PARAM      = 201.128/202.128/228.128,
    GRID       = 0.25/0.25,
    PADDING    = 0,
    DATE       = 20141101/20141102/20141103/20141104/20141105/20141106/20141107/20141108/20141109/20141110/20141111/2
0141112/20141113/20141114/20141115/20141116/20141117/20141118/20141119/20141120/20141121/20141122/20141123/20141124/2
0141125/20141126/20141127/20141128/20141129/20141130
    RESOL      = AUTO,
    TIME       = 0000/1200,
    EXPECT     = ANY,

mars - INFO   - 20160209.075628 - Requesting any number of fields (request describes 720)
    DOMAIN     = G,
mars - INFO   - 20160209.075628 - Calling mars on 'marser', callback on 46073
mars - INFO   - 20160209.075630 - Server task is 507 [marser]
mars - INFO   - 20160209.075630 - Request cost: 720 fields, 122.426 Mbytes online, nodes: mvr02 [marser]
mars - INFO   - 20160209.075630 - Transfering 128373120 bytes
mars - INFO   - 20160209.075931 - 720 fields retrieved from 'marser'
mars - INFO   - 20160209.075931 - 720 fields have been interpolated
mars - INFO   - 20160209.075931 -   Visiting marser: wall: 3 min 2 sec cpu: 2 min 57 sec
mars - INFO   - 20160209.075931 - Request time:  wall: 3 min 2 sec  cpu: 2 min 57 sec
mars - INFO   - 20160209.075931 -   Processing in marser: wall: 2 sec
mars - INFO   - 20160209.075931 -   Writing to target file: 1.39 Gbyte(s) in 2 sec  [592.09 Mbyte/sec] cpu: 2 sec
mars - INFO   - 20160209.075931 - Processing request 13


RETRIEVE,
mars - INFO   - 20160209.075931 -   Post-processing: wall: 2 min 54 sec cpu: 2 min 54 sec
    LEVTYPE    = SFC,
    TIME       = 0000/1200,
    DOMAIN     = G,
    PARAM      = 201.128/202.128/228.128,
    EXPVER     = 0001,
    STEP       = 03/06/09/12,

    STREAM     = OPER,
    PADDING    = 0,
mars - INFO   - 20160209.075931 - Calling mars on 'marser', callback on 34758
    CLASS      = EI,
    EXPECT     = ANY,
    RESOL      = AUTO,
mars - INFO   - 20160209.075931 - Requesting any number of fields (request describes 744)
    DATE       = 20141201/20141202/20141203/20141204/20141205/20141206/20141207/20141208/20141209/20141210/20141211/2
0141212/20141213/20141214/20141215/20141216/20141217/20141218/20141219/20141220/20141221/20141222/20141223/20141224/2
0141225/20141226/20141227/20141228/20141229/20141230/20141231
    REPRES     = SH,
mars - INFO   - 20160209.075931 -   Read from network: 122.43 Mbyte(s) in 2 sec  [51.17 Mbyte/sec]
    TYPE       = FC,
    GRID       = 0.25/0.25,
mars - INFO   - 20160209.075931 - Server task is 179 [marser]
mars - INFO   - 20160209.075931 - Request cost: 744 fields, 126.507 Mbytes online, nodes: mvr02 [marser]
mars - INFO   - 20160209.075931 - Transfering 132652224 bytes
mars - INFO   - 20160209.080231 -   Read from network: 126.51 Mbyte(s) in 3 sec  [47.99 Mbyte/sec]
mars - INFO   - 20160209.080231 - Request time:  wall: 3 min 1 sec  cpu: 2 min 56 sec
mars - INFO   - 20160209.080231 -   Visiting marser: wall: 3 min 1 sec cpu: 2 min 56 sec
mars - INFO   - 20160209.080231 - No errors reported
mars - INFO   - 20160209.080231 - 744 fields retrieved from 'marser'
mars - INFO   - 20160209.080231 - 744 fields have been interpolated
mars - INFO   - 20160209.080231 -   Post-processing: wall: 2 min 53 sec cpu: 2 min 53 sec
mars - INFO   - 20160209.080231 -   Writing to target file: 1.44 Gbyte(s) in 3 sec  [488.19 Mbyte/sec] cpu: 2 sec
End of nice mars /tmp/tmp-_marsXRSYSl.req
Calling nice grib_to_netcdf /data/data01/scratch/_mars-atls02-95e2cf679cd58ee9b4db4dd119a05a8d-834xjD.grib -o /data/d
ata01/scratch/_grib2netcdf-atls21-95e2cf679cd58ee9b4db4dd119a05a8d-fmxF4E.nc -utime
grib_to_netcdf: Creating netcdf file '/data/data01/scratch/_grib2netcdf-atls21-95e2cf679cd58ee9b4db4dd119a05a8d-fmxF4
E.nc'
grib_to_netcdf: Processing input file '/data/data01/scratch/_mars-atls02-95e2cf679cd58ee9b4db4dd119a05a8d-834xjD.grib
'.
grib_to_netcdf: Creating large (64 bit) file format.
grib_to_netcdf: Version 1.14.3
grib_to_netcdf: NetCDF library version: 4.3.0 of Apr 24 2015 11:11:18 $
grib_to_netcdf: Defining variable 'mx2t'.
grib_to_netcdf: Found 8784 GRIB fields in 1 file.
grib_to_netcdf: Defining variable 'tp'.
grib_to_netcdf: Ignoring key(s): method, type, stream, refdate, hdate
grib_to_netcdf: Defining variable 'mn2t'.
grib_to_netcdf: Done.
End of nice grib_to_netcdf /data/data01/scratch/_mars-atls02-95e2cf679cd58ee9b4db4dd119a05a8d-834xjD.grib -o /data/da
ta01/scratch/_grib2netcdf-atls21-95e2cf679cd58ee9b4db4dd119a05a8d-fmxF4E.nc -utime
2016-02-09 00:12:47 Request is complete
2016-02-09 00:12:47 Transfering 16.9872 Gbytes into /mnt/norgay/Datasets/Climate/ERA_Interim/Raw_NetCDF_.25deg_x_.25d
eg/mx2t_mn2t_tp_3hour_2013-12-31to2014-12-31.nc
2016-02-09 00:12:47 From http://stream.ecmwf.int/data/atls21/data/data01/scratch/_grib2netcdf-atls21-95e2cf679cd58ee9
b4db4dd119a05a8d-fmxF4E.nc
2016-02-09 03:19:15 Transfer rate 1.55486 Mbytes/s
2016-02-09 03:19:16 ECMWF API python library 1.3
2016-02-09 03:19:16 ECMWF API at https://api.ecmwf.int/v1
2016-02-09 03:19:17 Welcome Theodor Kulczycki
2016-02-09 03:19:18 In case of problems, please check https://software.ecmwf.int/wiki/display/WEBAPI/Troubleshooting
or contact calldesk@ecmwf.int
2016-02-09 03:19:18 Request is queued
Calling nice mars /tmp/tmp-_marsEzDQIM.req
mars - WARN -
mars - WARN - MARS has been updated on 9 February 2016 10AM (UTC) with the latest
mars - WARN - https://software.ecmwf.int/wiki/display/EMOS/Bug+fix+implemented+in+EMOSLIB+4.3.x
mars - WARN -
mars - WARN - version of libemos (4.3.7) For more details, see
PPDIR is /var/tmp/ppdir/x86_64
mars - INFO   - 20160209.111910 - Welcome to MARS with grib_api and ODB
mars - INFO   - 20160209.111910 - MARS Client build stamp: 20160129134430
mars - INFO   - 20160209.111910 - EMOSLIB version: 437
mars - INFO   - 20160209.111910 - MARS Client version: 6.13.0
mars - INFO   - 20160209.111910 - Using odb_api version: 0.10.2 (file format version: 0.5)
mars - INFO   - 20160209.111910 - Maximum retrieval size is 20.00 G
mars - INFO   - 20160209.111910 - Using grib_api version 1.14.6
mars - INFO   - 20160209.111910 - Automatic split by date is on
mars - INFO   - 20160209.111910 - Processing request 1
retrieve,class=ei,date=2014-12-31/to/2015-12-31,expect=any,expver=0001,grid=0.25/0.25,levtype=sfc,padding=0,param=201
.128/202.128/228.128,step=03/06/09/12,stream=oper,time=00/12,type=fcmars - WARN   - 20160209.111910 - For full resolu
tion grid, it is recommended to use RESOL=AV to prevent any truncation before transformation

mars - INFO   - 20160209.111910 - Request has been split into 13 monthly retrievals

    CLASS      = EI,
    TYPE       = FC,
RETRIEVE,
    EXPVER     = 0001,
    STREAM     = OPER,
    REPRES     = SH,
    PARAM      = 201.128/202.128/228.128,
    TIME       = 0000/1200,
    RESOL      = AUTO,
    DOMAIN     = G,
    STEP       = 03/06/09/12,
    PADDING    = 0,
    LEVTYPE    = SFC,
    EXPECT     = ANY,
    GRID       = 0.25/0.25,
    DATE       = 20141231
mars - INFO   - 20160209.111910 - Web API request id: 56b9cb2df952b1f4b208579f

mars - INFO   - 20160209.111910 - Requesting any number of fields (request describes 24)
mars - INFO   - 20160209.111910 - Calling mars on 'marser', callback on 53197
mars - INFO   - 20160209.111910 - Request cost: 24 fields, 4.08087 Mbytes online, nodes: mvr02 [marser]
mars - INFO   - 20160209.111910 - Server task is 816 [marser]
mars - INFO   - 20160209.111910 - Transfering 4279104 bytes
2016-02-09 03:19:20 Request is active
mars - INFO   - 20160209.111914 - 24 fields retrieved from 'marser'
mars - INFO   - 20160209.111914 - 24 fields have been interpolated
mars - INFO   - 20160209.111914 - Request time:  wall: 4 sec  cpu: 3 sec
mars - INFO   - 20160209.111914 -   Visiting marser: wall: 4 sec
mars - INFO   - 20160209.111914 -   Read from network: 4.08 Mbyte(s) in < 1 sec [14.49 Mbyte/sec]
mars - INFO   - 20160209.111914 -   Post-processing: wall: 3 sec cpu: 3 sec

mars - INFO   - 20160209.111914 -   Writing to target file: 47.53 Mbyte(s) in < 1 sec [827.73 Mbyte/sec]
mars - INFO   - 20160209.111914 - Processing request 2
    CLASS      = EI,
RETRIEVE,

    TYPE       = FC,
    EXPVER     = 0001,
    STREAM     = OPER,
    LEVTYPE    = SFC,
    TIME       = 0000/1200,
    DOMAIN     = G,
    REPRES     = SH,
    RESOL      = AUTO,
    PARAM      = 201.128/202.128/228.128,
    PADDING    = 0,
    GRID       = 0.25/0.25,
    STEP       = 03/06/09/12,
    EXPECT     = ANY,

    DATE       = 20150101/20150102/20150103/20150104/20150105/20150106/20150107/20150108/20150109/20150110/20150111/2
0150112/20150113/20150114/20150115/20150116/20150117/20150118/20150119/20150120/20150121/20150122/20150123/20150124/2
0150125/20150126/20150127/20150128/20150129/20150130/20150131
mars - INFO   - 20160209.111914 - Calling mars on 'marser', callback on 54249
mars - INFO   - 20160209.111914 - Requesting any number of fields (request describes 744)
mars - INFO   - 20160209.111914 - Request cost: 744 fields, 126.507 Mbytes online, nodes: mvr02 [marser]
mars - INFO   - 20160209.111914 - Server task is 514 [marser]
mars - INFO   - 20160209.111914 - Transfering 132652224 bytes
mars - INFO   - 20160209.112056 - 744 fields retrieved from 'marser'
mars - INFO   - 20160209.112056 - Request time:  wall: 1 min 43 sec  cpu: 1 min 40 sec
mars - INFO   - 20160209.112056 - 744 fields have been interpolated
mars - INFO   - 20160209.112056 -   Visiting marser: wall: 1 min 43 sec cpu: 1 min 40 sec
mars - INFO   - 20160209.112056 -   Writing to target file: 1.44 Gbyte(s) in 2 sec  [845.03 Mbyte/sec] cpu: 2 sec
mars - INFO   - 20160209.112056 -   Read from network: 126.51 Mbyte(s) in 2 sec  [59.76 Mbyte/sec]
mars - INFO   - 20160209.112056 - Processing request 3
mars - INFO   - 20160209.112056 -   Post-processing: wall: 1 min 37 sec cpu: 1 min 37 sec

    CLASS      = EI,
RETRIEVE,

    TYPE       = FC,
    REPRES     = SH,
    STREAM     = OPER,
    LEVTYPE    = SFC,
    EXPVER     = 0001,
    RESOL      = AUTO,
    STEP       = 03/06/09/12,
    PADDING    = 0,
    DOMAIN     = G,

    TIME       = 0000/1200,
    EXPECT     = ANY,
    DATE       = 20150201/20150202/20150203/20150204/20150205/20150206/20150207/20150208/20150209/20150210/20150211/2
0150212/20150213/20150214/20150215/20150216/20150217/20150218/20150219/20150220/20150221/20150222/20150223/20150224/2
0150225/20150226/20150227/20150228
    GRID       = 0.25/0.25,
    PARAM      = 201.128/202.128/228.128,
mars - INFO   - 20160209.112056 - Requesting any number of fields (request describes 672)
mars - INFO   - 20160209.112056 - Calling mars on 'marser', callback on 40431
mars - INFO   - 20160209.112057 - Request cost: 672 fields, 114.264 Mbytes online, nodes: mvr02 [marser]
mars - INFO   - 20160209.112057 - Server task is 563 [marser]
mars - INFO   - 20160209.112057 - Transfering 119814912 bytes
mars - INFO   - 20160209.112232 - 672 fields have been interpolated
mars - INFO   - 20160209.112232 - Request time:  wall: 1 min 35 sec  cpu: 1 min 32 sec
mars - INFO   - 20160209.112232 - 672 fields retrieved from 'marser'
mars - INFO   - 20160209.112232 -   Visiting marser: wall: 1 min 35 sec cpu: 1 min 33 sec
mars - INFO   - 20160209.112232 -   Writing to target file: 1.30 Gbyte(s) in 2 sec  [811.36 Mbyte/sec] cpu: 2 sec

mars - INFO   - 20160209.112232 -   Post-processing: wall: 1 min 30 sec cpu: 1 min 30 sec
mars - INFO   - 20160209.112232 - Processing request 4

RETRIEVE,
    CLASS      = EI,
    TYPE       = FC,
    EXPVER     = 0001,
    LEVTYPE    = SFC,
    PARAM      = 201.128/202.128/228.128,
    REPRES     = SH,
    TIME       = 0000/1200,
    STEP       = 03/06/09/12,
    DOMAIN     = G,
    RESOL      = AUTO,
mars - INFO   - 20160209.112232 - Calling mars on 'marser', callback on 54603

    EXPECT     = ANY,
    PADDING    = 0,
    GRID       = 0.25/0.25,
    STREAM     = OPER,
mars - INFO   - 20160209.112232 -   Read from network: 114.26 Mbyte(s) in 2 sec  [65.32 Mbyte/sec]
    DATE       = 20150301/20150302/20150303/20150304/20150305/20150306/20150307/20150308/20150309/20150310/20150311/2
0150312/20150313/20150314/20150315/20150316/20150317/20150318/20150319/20150320/20150321/20150322/20150323/20150324/2
0150325/20150326/20150327/20150328/20150329/20150330/20150331
mars - INFO   - 20160209.112232 - Requesting any number of fields (request describes 744)
mars - INFO   - 20160209.112232 - Server task is 915 [marser]
mars - INFO   - 20160209.112232 - Request cost: 744 fields, 126.507 Mbytes online, nodes: mvr02 [marser]
mars - INFO   - 20160209.112232 - Transfering 132652224 bytes
mars - INFO   - 20160209.112423 - 744 fields have been interpolated
mars - INFO   - 20160209.112423 - 744 fields retrieved from 'marser'
mars - INFO   - 20160209.112423 - Request time:  wall: 1 min 51 sec  cpu: 1 min 44 sec
mars - INFO   - 20160209.112423 -   Post-processing: wall: 1 min 41 sec cpu: 1 min 41 sec
mars - INFO   - 20160209.112423 -   Read from network: 126.51 Mbyte(s) in 5 sec  [23.82 Mbyte/sec]

mars - INFO   - 20160209.112423 -   Visiting marser: wall: 1 min 51 sec cpu: 1 min 45 sec
mars - INFO   - 20160209.112423 - Processing request 5
mars - INFO   - 20160209.112423 -   Writing to target file: 1.44 Gbyte(s) in 2 sec  [746.12 Mbyte/sec] cpu: 2 sec
RETRIEVE,

    TYPE       = FC,
    CLASS      = EI,
    STREAM     = OPER,
    REPRES     = SH,
    EXPVER     = 0001,
    PARAM      = 201.128/202.128/228.128,
    LEVTYPE    = SFC,
    STEP       = 03/06/09/12,
    TIME       = 0000/1200,
    RESOL      = AUTO,
    DOMAIN     = G,
    PADDING    = 0,
    GRID       = 0.25/0.25,
    EXPECT     = ANY,
mars - INFO   - 20160209.112423 - Calling mars on 'marser', callback on 58157
    DATE       = 20150401/20150402/20150403/20150404/20150405/20150406/20150407/20150408/20150409/20150410/20150411/2
0150412/20150413/20150414/20150415/20150416/20150417/20150418/20150419/20150420/20150421/20150422/20150423/20150424/2
0150425/20150426/20150427/20150428/20150429/20150430

mars - INFO   - 20160209.112423 - Requesting any number of fields (request describes 720)
mars - INFO   - 20160209.112423 - Server task is 640 [marser]
mars - INFO   - 20160209.112423 - Request cost: 720 fields, 122.426 Mbytes online, nodes: mvr02 [marser]
mars - INFO   - 20160209.112423 - Transfering 128373120 bytes
mars - INFO   - 20160209.112603 - 720 fields retrieved from 'marser'

mars - INFO   - 20160209.112603 - 720 fields have been interpolated
mars - INFO   - 20160209.112603 - Processing request 6
mars - INFO   - 20160209.112603 -   Post-processing: wall: 1 min 34 sec cpu: 1 min 34 sec
mars - INFO   - 20160209.112603 - Request time:  wall: 1 min 40 sec  cpu: 1 min 37 sec
mars - INFO   - 20160209.112603 -   Writing to target file: 1.39 Gbyte(s) in 2 sec  [810.83 Mbyte/sec] cpu: 2 sec
mars - INFO   - 20160209.112603 -   Read from network: 122.43 Mbyte(s) in 1 sec  [87.55 Mbyte/sec]
mars - INFO   - 20160209.112603 -   Visiting marser: wall: 1 min 40 sec cpu: 1 min 38 sec
    CLASS      = EI,
RETRIEVE,
    LEVTYPE    = SFC,
    TYPE       = FC,
    REPRES     = SH,
    TIME       = 0000/1200,

    PARAM      = 201.128/202.128/228.128,
    DOMAIN     = G,
    GRID       = 0.25/0.25,
    RESOL      = AUTO,
    STEP       = 03/06/09/12,
    DATE       = 20150501/20150502/20150503/20150504/20150505/20150506/20150507/20150508/20150509/20150510/20150511/2
0150512/20150513/20150514/20150515/20150516/20150517/20150518/20150519/20150520/20150521/20150522/20150523/20150524/2
0150525/20150526/20150527/20150528/20150529/20150530/20150531
    EXPVER     = 0001,

mars - INFO   - 20160209.112603 - Requesting any number of fields (request describes 744)
mars - INFO   - 20160209.112603 - Calling mars on 'marser', callback on 54749
    STREAM     = OPER,
    PADDING    = 0,
    EXPECT     = ANY,
mars - INFO   - 20160209.112603 - Request cost: 744 fields, 126.507 Mbytes online, nodes: mvr02 [marser]
mars - INFO   - 20160209.112603 - Server task is 640 [marser]
mars - INFO   - 20160209.112603 - Transfering 132652224 bytes
mars - INFO   - 20160209.112748 - 744 fields retrieved from 'marser'
mars - INFO   - 20160209.112748 -   Read from network: 126.51 Mbyte(s) in 1 sec  [100.88 Mbyte/sec]
mars - INFO   - 20160209.112748 - 744 fields have been interpolated
mars - INFO   - 20160209.112748 -   Post-processing: wall: 1 min 40 sec cpu: 1 min 40 sec

mars - INFO   - 20160209.112748 - Request time:  wall: 1 min 45 sec  cpu: 1 min 44 sec
mars - INFO   - 20160209.112748 -   Writing to target file: 1.44 Gbyte(s) in 2 sec  [773.14 Mbyte/sec] cpu: 2 sec
mars - INFO   - 20160209.112748 -   Visiting marser: wall: 1 min 45 sec cpu: 1 min 44 sec
mars - INFO   - 20160209.112748 - Processing request 7

    CLASS      = EI,
RETRIEVE,
    STREAM     = OPER,
    TYPE       = FC,
    LEVTYPE    = SFC,
    PARAM      = 201.128/202.128/228.128,
    REPRES     = SH,
    EXPVER     = 0001,
    TIME       = 0000/1200,
    RESOL      = AUTO,
    GRID       = 0.25/0.25,
    STEP       = 03/06/09/12,
    DOMAIN     = G,
    PADDING    = 0,
    DATE       = 20150601/20150602/20150603/20150604/20150605/20150606/20150607/20150608/20150609/20150610/20150611/2
0150612/20150613/20150614/20150615/20150616/20150617/20150618/20150619/20150620/20150621/20150622/20150623/20150624/2
0150625/20150626/20150627/20150628/20150629/20150630
    EXPECT     = ANY,

mars - INFO   - 20160209.112748 - Requesting any number of fields (request describes 720)
mars - INFO   - 20160209.112748 - Calling mars on 'marser', callback on 46912
mars - INFO   - 20160209.112748 - Request cost: 720 fields, 122.426 Mbytes online, nodes: mvr02 [marser]
mars - INFO   - 20160209.112748 - Server task is 816 [marser]
mars - INFO   - 20160209.112749 - Transfering 128373120 bytes
mars - INFO   - 20160209.112931 - 720 fields have been interpolated
mars - INFO   - 20160209.112931 -   Post-processing: wall: 1 min 35 sec cpu: 1 min 35 sec
mars - INFO   - 20160209.112931 - 720 fields retrieved from 'marser'
mars - INFO   - 20160209.112931 -   Writing to target file: 1.39 Gbyte(s) in 2 sec  [801.45 Mbyte/sec] cpu: 2 sec

mars - INFO   - 20160209.112931 -   Read from network: 122.43 Mbyte(s) in 3 sec  [35.73 Mbyte/sec]
mars - INFO   - 20160209.112931 -   Visiting marser: wall: 1 min 43 sec cpu: 1 min 39 sec
mars - INFO   - 20160209.112931 - Request time:  wall: 1 min 43 sec  cpu: 1 min 38 sec
mars - INFO   - 20160209.112931 - Processing request 8
RETRIEVE,

    CLASS      = EI,
    TYPE       = FC,
    STREAM     = OPER,
    REPRES     = SH,
    LEVTYPE    = SFC,
    PARAM      = 201.128/202.128/228.128,
    EXPVER     = 0001,
    DOMAIN     = G,
    RESOL      = AUTO,

    DATE       = 20150701/20150702/20150703/20150704/20150705/20150706/20150707/20150708/20150709/20150710/20150711/2
0150712/20150713/20150714/20150715/20150716/20150717/20150718/20150719/20150720/20150721/20150722/20150723/20150724/2
0150725/20150726/20150727/20150728/20150729/20150730/20150731
    STEP       = 03/06/09/12,
    TIME       = 0000/1200,
mars - INFO   - 20160209.112931 - Requesting any number of fields (request describes 744)
    GRID       = 0.25/0.25,
    EXPECT     = ANY,
    PADDING    = 0,
mars - INFO   - 20160209.112931 - Calling mars on 'marser', callback on 55220
mars - INFO   - 20160209.112931 - Server task is 688 [marser]
mars - INFO   - 20160209.112931 - Request cost: 744 fields, 126.507 Mbytes online, nodes: mvr02 [marser]
mars - INFO   - 20160209.112931 - Transfering 132652224 bytes
mars - INFO   - 20160209.113119 - 744 fields retrieved from 'marser'
mars - INFO   - 20160209.113119 - 744 fields have been interpolated
mars - INFO   - 20160209.113119 - Request time:  wall: 1 min 48 sec  cpu: 1 min 41 sec
mars - INFO   - 20160209.113119 -   Visiting marser: wall: 1 min 48 sec cpu: 1 min 42 sec
mars - INFO   - 20160209.113119 -   Writing to target file: 1.44 Gbyte(s) in 2 sec  [763.79 Mbyte/sec] cpu: 2 sec
mars - INFO   - 20160209.113119 -   Read from network: 126.51 Mbyte(s) in 6 sec  [19.80 Mbyte/sec]
mars - INFO   - 20160209.113119 -   Post-processing: wall: 1 min 38 sec cpu: 1 min 38 sec

mars - INFO   - 20160209.113119 - Processing request 9

RETRIEVE,
    CLASS      = EI,
    TYPE       = FC,
    LEVTYPE    = SFC,
    EXPVER     = 0001,
    REPRES     = SH,
    STEP       = 03/06/09/12,
    STREAM     = OPER,
    TIME       = 0000/1200,
    RESOL      = AUTO,
    GRID       = 0.25/0.25,
    PARAM      = 201.128/202.128/228.128,
    DOMAIN     = G,
    DATE       = 20150801/20150802/20150803/20150804/20150805/20150806/20150807/20150808/20150809/20150810/20150811/2
0150812/20150813/20150814/20150815/20150816/20150817/20150818/20150819/20150820/20150821/20150822/20150823/20150824/2
0150825/20150826/20150827/20150828/20150829/20150830/20150831
    EXPECT     = ANY,

    PADDING    = 0,
mars - INFO   - 20160209.113119 - Calling mars on 'marser', callback on 47705
mars - INFO   - 20160209.113119 - Requesting any number of fields (request describes 744)
mars - INFO   - 20160209.113119 - Server task is 964 [marser]
mars - INFO   - 20160209.113119 - Request cost: 744 fields, 126.507 Mbytes online, nodes: mvr02 [marser]
mars - INFO   - 20160209.113120 - Transfering 132652224 bytes
mars - INFO   - 20160209.113306 - 744 fields retrieved from 'marser'
mars - INFO   - 20160209.113306 - Request time:  wall: 1 min 46 sec  cpu: 1 min 42 sec
mars - INFO   - 20160209.113306 - 744 fields have been interpolated
mars - INFO   - 20160209.113306 -   Read from network: 126.51 Mbyte(s) in 3 sec  [38.06 Mbyte/sec]
mars - INFO   - 20160209.113306 -   Visiting marser: wall: 1 min 46 sec cpu: 1 min 43 sec

    TYPE       = FC,
RETRIEVE,
mars - INFO   - 20160209.113306 -   Writing to target file: 1.44 Gbyte(s) in 2 sec  [786.64 Mbyte/sec] cpu: 2 sec
    EXPVER     = 0001,
    STREAM     = OPER,
    CLASS      = EI,
mars - INFO   - 20160209.113306 -   Post-processing: wall: 1 min 39 sec cpu: 1 min 39 sec
    DOMAIN     = G,
    RESOL      = AUTO,
    EXPECT     = ANY,
    LEVTYPE    = SFC,
    GRID       = 0.25/0.25,

mars - INFO   - 20160209.113306 - Request cost: 720 fields, 122.426 Mbytes online, nodes: mvr02 [marser]
    PADDING    = 0,
    PARAM      = 201.128/202.128/228.128,
mars - INFO   - 20160209.113306 - Processing request 10

    REPRES     = SH,
mars - INFO   - 20160209.113306 - Transfering 128373120 bytes
    TIME       = 0000/1200,
    STEP       = 03/06/09/12,
    DATE       = 20150901/20150902/20150903/20150904/20150905/20150906/20150907/20150908/20150909/20150910/20150911/2
0150912/20150913/20150914/20150915/20150916/20150917/20150918/20150919/20150920/20150921/20150922/20150923/20150924/2
0150925/20150926/20150927/20150928/20150929/20150930
mars - INFO   - 20160209.113306 - Requesting any number of fields (request describes 720)
mars - INFO   - 20160209.113306 - Calling mars on 'marser', callback on 54660
mars - INFO   - 20160209.113306 - Server task is 500 [marser]
mars - INFO   - 20160209.113446 - 720 fields have been interpolated
mars - INFO   - 20160209.113446 - 720 fields retrieved from 'marser'
mars - INFO   - 20160209.113446 - Request time:  wall: 1 min 41 sec  cpu: 1 min 39 sec
mars - INFO   - 20160209.113446 -   Post-processing: wall: 1 min 36 sec cpu: 1 min 36 sec
mars - INFO   - 20160209.113446 -   Visiting marser: wall: 1 min 41 sec cpu: 1 min 40 sec
mars - INFO   - 20160209.113446 -   Read from network: 122.43 Mbyte(s) in < 1 sec [251.81 Mbyte/sec]
mars - INFO   - 20160209.113446 -   Writing to target file: 1.39 Gbyte(s) in 2 sec  [791.55 Mbyte/sec] cpu: 2 sec
mars - INFO   - 20160209.113446 - Processing request 11


RETRIEVE,
    CLASS      = EI,
    EXPVER     = 0001,
    TYPE       = FC,
    STREAM     = OPER,
    REPRES     = SH,
    LEVTYPE    = SFC,
    TIME       = 0000/1200,
    STEP       = 03/06/09/12,
    DOMAIN     = G,
    PADDING    = 0,
    GRID       = 0.25/0.25,

    EXPECT     = ANY,
    DATE       = 20151001/20151002/20151003/20151004/20151005/20151006/20151007/20151008/20151009/20151010/20151011/2
0151012/20151013/20151014/20151015/20151016/20151017/20151018/20151019/20151020/20151021/20151022/20151023/20151024/2
0151025/20151026/20151027/20151028/20151029/20151030/20151031
mars - INFO   - 20160209.113446 - Transfering 132652224 bytes
mars - INFO   - 20160209.113446 - Server task is 952 [marser]
    RESOL      = AUTO,
    PARAM      = 201.128/202.128/228.128,
mars - INFO   - 20160209.113446 - Calling mars on 'marser', callback on 46033
mars - INFO   - 20160209.113446 - Requesting any number of fields (request describes 744)
mars - INFO   - 20160209.113446 - Request cost: 744 fields, 126.507 Mbytes online, nodes: mvr02 [marser]
mars - INFO   - 20160209.113633 - Request time:  wall: 1 min 46 sec  cpu: 1 min 43 sec
mars - INFO   - 20160209.113633 - 744 fields have been interpolated
mars - INFO   - 20160209.113633 -   Writing to target file: 1.44 Gbyte(s) in 2 sec  [780.52 Mbyte/sec] cpu: 2 sec
mars - INFO   - 20160209.113633 - 744 fields retrieved from 'marser'
    CLASS      = EI,


    LEVTYPE    = SFC,
RETRIEVE,
    STEP       = 03/06/09/12,
    PARAM      = 201.128/202.128/228.128,
    TYPE       = FC,
    RESOL      = AUTO,
mars - INFO   - 20160209.113633 - Requesting any number of fields (request describes 720)
mars - INFO   - 20160209.113633 - Processing request 12
    TIME       = 0000/1200,
    GRID       = 0.25/0.25,
    DOMAIN     = G,

mars - INFO   - 20160209.113633 - Calling mars on 'marser', callback on 38913
    REPRES     = SH,
mars - INFO   - 20160209.113633 -   Post-processing: wall: 1 min 40 sec cpu: 1 min 40 sec
    DATE       = 20151101/20151102/20151103/20151104/20151105/20151106/20151107/20151108/20151109/20151110/20151111/2
0151112/20151113/20151114/20151115/20151116/20151117/20151118/20151119/20151120/20151121/20151122/20151123/20151124/2
0151125/20151126/20151127/20151128/20151129/20151130
mars - INFO   - 20160209.113633 -   Read from network: 126.51 Mbyte(s) in 3 sec  [46.96 Mbyte/sec]
    STREAM     = OPER,
    PADDING    = 0,
mars - INFO   - 20160209.113633 -   Visiting marser: wall: 1 min 46 sec cpu: 1 min 43 sec
    EXPECT     = ANY,
    EXPVER     = 0001,
mars - INFO   - 20160209.113633 - Request cost: 720 fields, 122.426 Mbytes online, nodes: mvr02 [marser]
mars - INFO   - 20160209.113633 - Server task is 157 [marser]
mars - INFO   - 20160209.113633 - Transfering 128373120 bytes
mars - INFO   - 20160209.113817 - 720 fields have been interpolated
mars - INFO   - 20160209.113817 - 720 fields retrieved from 'marser'
mars - INFO   - 20160209.113817 -   Visiting marser: wall: 1 min 45 sec cpu: 1 min 42 sec

mars - INFO   - 20160209.113817 - Processing request 13
mars - INFO   - 20160209.113817 - Request time:  wall: 1 min 45 sec  cpu: 1 min 41 sec
mars - INFO   - 20160209.113817 -   Post-processing: wall: 1 min 38 sec cpu: 1 min 38 sec
mars - INFO   - 20160209.113817 -   Read from network: 122.43 Mbyte(s) in 2 sec  [52.39 Mbyte/sec]
mars - INFO   - 20160209.113817 -   Writing to target file: 1.39 Gbyte(s) in 2 sec  [768.51 Mbyte/sec] cpu: 2 sec
    CLASS      = EI,
    RESOL      = AUTO,
RETRIEVE,
    DOMAIN     = G,
mars - INFO   - 20160209.113817 - Requesting any number of fields (request describes 744)
    REPRES     = SH,
    STEP       = 03/06/09/12,
    EXPVER     = 0001,
    DATE       = 20151201/20151202/20151203/20151204/20151205/20151206/20151207/20151208/20151209/20151210/20151211/2
0151212/20151213/20151214/20151215/20151216/20151217/20151218/20151219/20151220/20151221/20151222/20151223/20151224/2
0151225/20151226/20151227/20151228/20151229/20151230/20151231
    PARAM      = 201.128/202.128/228.128,

    EXPECT     = ANY,
    LEVTYPE    = SFC,
    TIME       = 0000/1200,
    STREAM     = OPER,
    TYPE       = FC,
mars - INFO   - 20160209.113817 - Calling mars on 'marser', callback on 36240

    PADDING    = 0,
    GRID       = 0.25/0.25,
mars - INFO   - 20160209.113817 - Server task is 421 [marser]
mars - INFO   - 20160209.113817 - Request cost: 744 fields, 126.507 Mbytes online, nodes: mvr01 [marser]
mars - INFO   - 20160209.113817 - Transfering 132652224 bytes
mars - INFO   - 20160209.114002 - 744 fields retrieved from 'marser'
mars - INFO   - 20160209.114002 - 744 fields have been interpolated
mars - INFO   - 20160209.114002 - Request time:  wall: 1 min 45 sec  cpu: 1 min 41 sec
mars - INFO   - 20160209.114002 -   Visiting marser: wall: 1 min 45 sec cpu: 1 min 41 sec
mars - INFO   - 20160209.114002 - No errors reported
End of nice mars /tmp/tmp-_marsEzDQIM.req
mars - INFO   - 20160209.114002 -   Post-processing: wall: 1 min 38 sec cpu: 1 min 38 sec
mars - INFO   - 20160209.114002 -   Writing to target file: 1.44 Gbyte(s) in 2 sec  [769.54 Mbyte/sec] cpu: 2 sec
mars - INFO   - 20160209.114002 -   Read from network: 126.51 Mbyte(s) in 3 sec  [41.38 Mbyte/sec]
Calling nice grib_to_netcdf /data/data01/scratch/_mars-atls01-95e2cf679cd58ee9b4db4dd119a05a8d-EU_Clw.grib -o /data/d
ata01/scratch/_grib2netcdf-atls09-95e2cf679cd58ee9b4db4dd119a05a8d-HYwdIZ.nc -utime
grib_to_netcdf: Version 1.14.3
grib_to_netcdf: Processing input file '/data/data01/scratch/_mars-atls01-95e2cf679cd58ee9b4db4dd119a05a8d-EU_Clw.grib
'.
grib_to_netcdf: Defining variable 'tp'.
grib_to_netcdf: Ignoring key(s): method, type, stream, refdate, hdate
grib_to_netcdf: NetCDF library version: 4.3.0 of Apr 24 2015 11:10:46 $
grib_to_netcdf: Defining variable 'mn2t'.
grib_to_netcdf: Creating netcdf file '/data/data01/scratch/_grib2netcdf-atls09-95e2cf679cd58ee9b4db4dd119a05a8d-HYwdI
Z.nc'
grib_to_netcdf: Creating large (64 bit) file format.
grib_to_netcdf: Done.
grib_to_netcdf: Defining variable 'mx2t'.
grib_to_netcdf: Found 8784 GRIB fields in 1 file.
End of nice grib_to_netcdf /data/data01/scratch/_mars-atls01-95e2cf679cd58ee9b4db4dd119a05a8d-EU_Clw.grib -o /data/da
ta01/scratch/_grib2netcdf-atls09-95e2cf679cd58ee9b4db4dd119a05a8d-HYwdIZ.nc -utime
2016-02-09 03:52:46 Request is complete
2016-02-09 03:52:46 Transfering 16.9872 Gbytes into /mnt/norgay/Datasets/Climate/ERA_Interim/Raw_NetCDF_.25deg_x_.25d
eg/mx2t_mn2t_tp_3hour_2014-12-31to2015-12-31.nc
2016-02-09 03:52:46 From http://stream.ecmwf.int/data/atls09/data/data01/scratch/_grib2netcdf-atls09-95e2cf679cd58ee9
b4db4dd119a05a8d-HYwdIZ.nc
2016-02-09 05:46:08 Transfer rate 2.55748 Mbytes/s
tkulczycki@shackleton:~/ERA_Interim/ERAI_batch_download_scripts$
